This file contains any messages produced by compilers while
running configure, to aid debugging if configure makes a mistake.

It was created by SDL2_image configure 2.8.4, which was
generated by GNU Autoconf 2.71.  Invocation command line was

  $ ./configure

## --------- ##
## Platform. ##
## --------- ##

hostname = MacBook-Pro-wmgcat.local
uname -m = x86_64
uname -r = 21.6.0
uname -s = Darwin
uname -v = Darwin Kernel Version 21.6.0: Mon Jun 24 00:56:10 PDT 2024; root:xnu-8020.240.18.709.2~1/RELEASE_X86_64

/usr/bin/uname -p = i386
/bin/uname -X     = unknown

/bin/arch              = unknown
/usr/bin/arch -k       = unknown
/usr/convex/getsysinfo = unknown
/usr/bin/hostinfo      = Mach kernel version:
	 Darwin Kernel Version 21.6.0: Mon Jun 24 00:56:10 PDT 2024; root:xnu-8020.240.18.709.2~1/RELEASE_X86_64
Kernel configured for up to 4 processors.
2 processors are physically available.
4 processors are logically available.
Processor type: x86_64h (Intel x86-64h Haswell)
Processors active: 0 1 2 3
Primary memory available: 8.00 gigabytes
Default processor set: 547 tasks, 1897 threads, 4 processors
Load average: 13.01, Mach factor: 0.62
/bin/machine           = unknown
/usr/bin/oslevel       = unknown
/bin/universe          = unknown

PATH: /usr/local/bin/
PATH: /usr/bin/
PATH: /bin/
PATH: /usr/sbin/
PATH: /sbin/


## ----------- ##
## Core tests. ##
## ----------- ##

configure:2763: looking for aux files: missing install-sh compile config.guess config.sub ltmain.sh
configure:2776:  trying ./
configure:2805:   ./missing found
configure:2787:   ./install-sh found
configure:2805:   ./compile found
configure:2805:   ./config.guess found
configure:2805:   ./config.sub found
configure:2805:   ./ltmain.sh found
configure:2969: checking build system type
configure:2984: result: x86_64-apple-darwin21.6.0
configure:3004: checking host system type
configure:3018: result: x86_64-apple-darwin21.6.0
configure:3104: checking for gcc
configure:3125: found /usr/bin/gcc
configure:3136: result: gcc
configure:3489: checking for C compiler version
configure:3498: gcc --version >&5
Apple clang version 13.0.0 (clang-1300.0.29.30)
Target: x86_64-apple-darwin21.6.0
Thread model: posix
InstalledDir: /Applications/Xcode.app/Contents/Developer/Toolchains/XcodeDefault.xctoolchain/usr/bin
Configured with: --prefix=/Applications/Xcode.app/Contents/Developer/usr --with-gxx-include-dir=/Applications/Xcode.app/Contents/Developer/Platforms/MacOSX.platform/Developer/SDKs/MacOSX.sdk/usr/include/c++/4.2.1
configure:3509: $? = 0
configure:3498: gcc -v >&5
Configured with: --prefix=/Applications/Xcode.app/Contents/Developer/usr --with-gxx-include-dir=/Applications/Xcode.app/Contents/Developer/Platforms/MacOSX.platform/Developer/SDKs/MacOSX.sdk/usr/include/c++/4.2.1
Apple clang version 13.0.0 (clang-1300.0.29.30)
Target: x86_64-apple-darwin21.6.0
Thread model: posix
InstalledDir: /Applications/Xcode.app/Contents/Developer/Toolchains/XcodeDefault.xctoolchain/usr/bin
configure:3509: $? = 0
configure:3498: gcc -V >&5
clang: error: argument to '-V' is missing (expected 1 value)
clang: error: no input files
configure:3509: $? = 1
configure:3498: gcc -qversion >&5
clang: error: unknown argument '-qversion'; did you mean '--version'?
clang: error: no input files
configure:3509: $? = 1
configure:3498: gcc -version >&5
clang: error: unknown argument '-version'; did you mean '--version'?
clang: error: no input files
configure:3509: $? = 1
configure:3529: checking whether the C compiler works
configure:3551: gcc    conftest.c  >&5
configure:3555: $? = 0
configure:3605: result: yes
configure:3608: checking for C compiler default output file name
configure:3610: result: a.out
configure:3616: checking for suffix of executables
configure:3623: gcc -o conftest    conftest.c  >&5
configure:3627: $? = 0
configure:3650: result: 
configure:3672: checking whether we are cross compiling
configure:3680: gcc -o conftest    conftest.c  >&5
configure:3684: $? = 0
configure:3691: ./conftest
configure:3695: $? = 0
configure:3710: result: no
configure:3715: checking for suffix of object files
configure:3738: gcc -c   conftest.c >&5
configure:3742: $? = 0
configure:3764: result: o
configure:3768: checking whether the compiler supports GNU C
configure:3788: gcc -c   conftest.c >&5
configure:3788: $? = 0
configure:3798: result: yes
configure:3809: checking whether gcc accepts -g
configure:3830: gcc -c -g  conftest.c >&5
configure:3830: $? = 0
configure:3874: result: yes
configure:3894: checking for gcc option to enable C11 features
configure:3909: gcc  -c -g -O2  conftest.c >&5
configure:3909: $? = 0
configure:3927: result: none needed
configure:4043: checking whether gcc understands -c and -o together
configure:4066: gcc -c conftest.c -o conftest2.o
configure:4069: $? = 0
configure:4066: gcc -c conftest.c -o conftest2.o
configure:4069: $? = 0
configure:4081: result: yes
configure:4098: checking for a sed that does not truncate output
configure:4168: result: /usr/bin/sed
configure:4186: checking for grep that handles long lines and -e
configure:4250: result: /usr/bin/grep
configure:4255: checking for egrep
configure:4323: result: /usr/bin/grep -E
configure:4328: checking for fgrep
configure:4396: result: /usr/bin/grep -F
configure:4432: checking for ld used by gcc
configure:4500: result: /Applications/Xcode.app/Contents/Developer/Toolchains/XcodeDefault.xctoolchain/usr/bin/ld
configure:4507: checking if the linker (/Applications/Xcode.app/Contents/Developer/Toolchains/XcodeDefault.xctoolchain/usr/bin/ld) is GNU ld
configure:4523: result: no
configure:4535: checking for BSD- or MS-compatible name lister (nm)
configure:4585: result: /usr/bin/nm -B
configure:4713: checking the name lister (/usr/bin/nm -B) interface
configure:4721: gcc -c -g -O2  conftest.c >&5
configure:4724: /usr/bin/nm -B "conftest.o"
configure:4727: output
0000000000000260 S _some_variable
configure:4734: result: BSD nm
configure:4737: checking whether ln -s works
configure:4741: result: yes
configure:4749: checking the maximum length of command line arguments
configure:4876: result: 786432
configure:4893: checking whether the shell understands some XSI constructs
configure:4903: result: yes
configure:4907: checking whether the shell understands "+="
configure:4913: result: yes
configure:4948: checking for /Applications/Xcode.app/Contents/Developer/Toolchains/XcodeDefault.xctoolchain/usr/bin/ld option to reload object files
configure:4956: result: -r
configure:5030: checking for objdump
configure:5051: found /usr/bin/objdump
configure:5062: result: objdump
configure:5091: checking how to recognize dependent libraries
configure:5293: result: pass_all
configure:5358: checking for ar
configure:5379: found /usr/bin/ar
configure:5390: result: ar
configure:5473: checking for strip
configure:5494: found /usr/bin/strip
configure:5505: result: strip
configure:5582: checking for ranlib
configure:5603: found /usr/bin/ranlib
configure:5614: result: ranlib
configure:5704: checking command to parse /usr/bin/nm -B output from gcc object
configure:5823: gcc -c -g -O2  conftest.c >&5
configure:5826: $? = 0
configure:5830: /usr/bin/nm -B conftest.o \| sed -n -e 's/^.*[	 ]\([BCDEGRST][BCDEGRST]*\)[	 ][	 ]*\([_A-Za-z][_A-Za-z0-9]*\)$/\1 \2 \2/p' \> conftest.nm
configure:5833: $? = 0
cannot find nm_test_var in conftest.nm
configure:5823: gcc -c -g -O2  conftest.c >&5
configure:5826: $? = 0
configure:5830: /usr/bin/nm -B conftest.o \| sed -n -e 's/^.*[	 ]\([BCDEGRST][BCDEGRST]*\)[	 ][	 ]*_\([_A-Za-z][_A-Za-z0-9]*\)$/\1 _\2 \2/p' \> conftest.nm
configure:5833: $? = 0
configure:5887: gcc -o conftest -g -O2   conftest.c conftstm.o >&5
warning: (x86_64)  could not find object file symbol for symbol _main
configure:5890: $? = 0
configure:5928: result: ok
configure:6204: checking for dsymutil
configure:6225: found /usr/bin/dsymutil
configure:6236: result: dsymutil
configure:6306: checking for nmedit
configure:6327: found /usr/bin/nmedit
configure:6338: result: nmedit
configure:6408: checking for lipo
configure:6429: found /usr/bin/lipo
configure:6440: result: lipo
configure:6510: checking for otool
configure:6531: found /usr/bin/otool
configure:6542: result: otool
configure:6612: checking for otool64
configure:6647: result: no
configure:6692: checking for -single_module linker flag
gcc -g -O2  -o libconftest.dylib -dynamiclib -Wl,-single_module conftest.c
configure:6720: result: yes
configure:6722: checking for -exported_symbols_list linker flag
configure:6743: gcc -o conftest -g -O2   -Wl,-exported_symbols_list,conftest.sym conftest.c  >&5
configure:6743: $? = 0
configure:6754: result: yes
configure:6790: checking for stdio.h
configure:6790: gcc -c -g -O2  conftest.c >&5
configure:6790: $? = 0
configure:6790: result: yes
configure:6790: checking for stdlib.h
configure:6790: gcc -c -g -O2  conftest.c >&5
configure:6790: $? = 0
configure:6790: result: yes
configure:6790: checking for string.h
configure:6790: gcc -c -g -O2  conftest.c >&5
configure:6790: $? = 0
configure:6790: result: yes
configure:6790: checking for inttypes.h
configure:6790: gcc -c -g -O2  conftest.c >&5
configure:6790: $? = 0
configure:6790: result: yes
configure:6790: checking for stdint.h
configure:6790: gcc -c -g -O2  conftest.c >&5
configure:6790: $? = 0
configure:6790: result: yes
configure:6790: checking for strings.h
configure:6790: gcc -c -g -O2  conftest.c >&5
configure:6790: $? = 0
configure:6790: result: yes
configure:6790: checking for sys/stat.h
configure:6790: gcc -c -g -O2  conftest.c >&5
configure:6790: $? = 0
configure:6790: result: yes
configure:6790: checking for sys/types.h
configure:6790: gcc -c -g -O2  conftest.c >&5
configure:6790: $? = 0
configure:6790: result: yes
configure:6790: checking for unistd.h
configure:6790: gcc -c -g -O2  conftest.c >&5
configure:6790: $? = 0
configure:6790: result: yes
configure:6815: checking for dlfcn.h
configure:6815: gcc -c -g -O2  conftest.c >&5
configure:6815: $? = 0
configure:6815: result: yes
configure:7328: checking for objdir
configure:7344: result: .libs
configure:7640: checking if gcc supports -fno-rtti -fno-exceptions
configure:7659: gcc -c -g -O2  -fno-rtti -fno-exceptions conftest.c >&5
configure:7663: $? = 0
configure:7676: result: yes
configure:7696: checking for gcc option to produce PIC
configure:7978: result: -fno-common -DPIC
configure:7990: checking if gcc PIC flag -fno-common -DPIC works
configure:8009: gcc -c -g -O2  -fno-common -DPIC -DPIC conftest.c >&5
configure:8013: $? = 0
configure:8026: result: yes
configure:8050: checking if gcc static flag -static works
configure:8079: result: no
configure:8094: checking if gcc supports -c -o file.o
configure:8116: gcc -c -g -O2  -o out/conftest2.o conftest.c >&5
configure:8120: $? = 0
configure:8142: result: yes
configure:8150: checking if gcc supports -c -o file.o
configure:8198: result: yes
configure:8231: checking whether the gcc linker (/Applications/Xcode.app/Contents/Developer/Toolchains/XcodeDefault.xctoolchain/usr/bin/ld) supports shared libraries
configure:9265: result: yes
configure:9504: checking dynamic linker characteristics
configure:10180: result: darwin21.6.0 dyld
configure:10282: checking how to hardcode library paths into programs
configure:10307: result: immediate
configure:10831: checking whether stripping libraries is possible
configure:10845: result: yes
configure:10871: checking if libtool supports shared libraries
configure:10873: result: yes
configure:10876: checking whether to build shared libraries
configure:10897: result: yes
configure:10900: checking whether to build static libraries
configure:10904: result: yes
configure:10989: checking for a BSD-compatible install
configure:11062: result: /usr/bin/install -c
configure:11073: checking whether build environment is sane
configure:11128: result: yes
configure:11283: checking for a race-free mkdir -p
configure:11327: result: ./install-sh -c -d
configure:11334: checking for gawk
configure:11369: result: no
configure:11334: checking for mawk
configure:11369: result: no
configure:11334: checking for nawk
configure:11369: result: no
configure:11334: checking for awk
configure:11355: found /usr/bin/awk
configure:11366: result: awk
configure:11377: checking whether make sets $(MAKE)
configure:11400: result: yes
configure:11422: checking whether make supports the include directive
configure:11437: make -f confmf.GNU && cat confinc.out
this is the am__doit target
configure:11440: $? = 0
configure:11459: result: yes (GNU style)
configure:11494: checking whether make supports nested variables
configure:11512: result: yes
configure:11597: checking whether UID '501' is supported by ustar format
configure:11603: result: yes
configure:11610: checking whether GID '20' is supported by ustar format
configure:11616: result: yes
configure:11624: checking how to create a ustar tar archive
configure:11635: tar --version
bsdtar 3.5.1 - libarchive 3.5.1 zlib/1.2.11 liblzma/5.0.5 bz2lib/1.0.8 
configure:11638: $? = 0
configure:11678: tardir=conftest.dir && eval tar --format=ustar -cf - "$tardir" >conftest.tar
configure:11681: $? = 0
configure:11685: tar -xf - <conftest.tar
configure:11688: $? = 0
configure:11690: cat conftest.dir/file
GrepMe
configure:11693: $? = 0
configure:11707: result: gnutar
configure:11716: checking dependency style of gcc
configure:11828: result: gcc3
configure:11905: checking for gawk
configure:11937: result: awk
configure:12001: checking for gcc
configure:12033: result: gcc
configure:12386: checking for C compiler version
configure:12395: gcc --version >&5
Apple clang version 13.0.0 (clang-1300.0.29.30)
Target: x86_64-apple-darwin21.6.0
Thread model: posix
InstalledDir: /Applications/Xcode.app/Contents/Developer/Toolchains/XcodeDefault.xctoolchain/usr/bin
Configured with: --prefix=/Applications/Xcode.app/Contents/Developer/usr --with-gxx-include-dir=/Applications/Xcode.app/Contents/Developer/Platforms/MacOSX.platform/Developer/SDKs/MacOSX.sdk/usr/include/c++/4.2.1
configure:12406: $? = 0
configure:12395: gcc -v >&5
Configured with: --prefix=/Applications/Xcode.app/Contents/Developer/usr --with-gxx-include-dir=/Applications/Xcode.app/Contents/Developer/Platforms/MacOSX.platform/Developer/SDKs/MacOSX.sdk/usr/include/c++/4.2.1
Apple clang version 13.0.0 (clang-1300.0.29.30)
Target: x86_64-apple-darwin21.6.0
Thread model: posix
InstalledDir: /Applications/Xcode.app/Contents/Developer/Toolchains/XcodeDefault.xctoolchain/usr/bin
configure:12406: $? = 0
configure:12395: gcc -V >&5
clang: error: argument to '-V' is missing (expected 1 value)
clang: error: no input files
configure:12406: $? = 1
configure:12395: gcc -qversion >&5
clang: error: unknown argument '-qversion'; did you mean '--version'?
clang: error: no input files
configure:12406: $? = 1
configure:12395: gcc -version >&5
clang: error: unknown argument '-version'; did you mean '--version'?
clang: error: no input files
configure:12406: $? = 1
configure:12410: checking whether the compiler supports GNU C
configure:12440: result: yes
configure:12451: checking whether gcc accepts -g
configure:12516: result: yes
configure:12536: checking for gcc option to enable C11 features
configure:12569: result: none needed
configure:12685: checking whether gcc understands -c and -o together
configure:12723: result: yes
configure:12799: checking for gcc
configure:12820: found /usr/bin/gcc
configure:12831: result: gcc
configure:12856: checking for Objective C compiler version
configure:12865: gcc --version >&5
Apple clang version 13.0.0 (clang-1300.0.29.30)
Target: x86_64-apple-darwin21.6.0
Thread model: posix
InstalledDir: /Applications/Xcode.app/Contents/Developer/Toolchains/XcodeDefault.xctoolchain/usr/bin
Configured with: --prefix=/Applications/Xcode.app/Contents/Developer/usr --with-gxx-include-dir=/Applications/Xcode.app/Contents/Developer/Platforms/MacOSX.platform/Developer/SDKs/MacOSX.sdk/usr/include/c++/4.2.1
configure:12876: $? = 0
configure:12865: gcc -v >&5
Configured with: --prefix=/Applications/Xcode.app/Contents/Developer/usr --with-gxx-include-dir=/Applications/Xcode.app/Contents/Developer/Platforms/MacOSX.platform/Developer/SDKs/MacOSX.sdk/usr/include/c++/4.2.1
Apple clang version 13.0.0 (clang-1300.0.29.30)
Target: x86_64-apple-darwin21.6.0
Thread model: posix
InstalledDir: /Applications/Xcode.app/Contents/Developer/Toolchains/XcodeDefault.xctoolchain/usr/bin
configure:12876: $? = 0
configure:12865: gcc -V >&5
clang: error: argument to '-V' is missing (expected 1 value)
clang: error: no input files
configure:12876: $? = 1
configure:12865: gcc -qversion >&5
clang: error: unknown argument '-qversion'; did you mean '--version'?
clang: error: no input files
configure:12876: $? = 1
configure:12880: checking whether the compiler supports GNU Objective C
configure:12900: gcc -c   conftest.m >&5
configure:12900: $? = 0
configure:12910: result: yes
configure:12921: checking whether gcc accepts -g
configure:12942: gcc -c -g  conftest.m >&5
configure:12942: $? = 0
configure:12986: result: yes
configure:13011: checking dependency style of gcc
configure:13121: result: gcc3
configure:13184: checking for windres
configure:13219: result: no
configure:13239: checking for fgrep
configure:13307: result: /usr/bin/grep -F
configure:13312: checking whether make sets $(MAKE)
configure:13335: result: yes
configure:13403: checking for pkg-config
configure:13426: found /usr/local/bin/pkg-config
configure:13438: result: /usr/local/bin/pkg-config
configure:13463: checking pkg-config is at least version 0.9.0
configure:13466: result: yes
configure:13483: checking for gsort
configure:13518: result: no
configure:13483: checking for sort
configure:13504: found /usr/bin/sort
configure:13515: result: sort
configure:13561: checking for ImageIO support
configure:13563: result: yes
configure:14014: checking for sdl2 >= 2.0.9
configure:14021: $PKG_CONFIG --exists --print-errors "sdl2 >= $min_sdl_version"
configure:14024: $? = 0
configure:14038: $PKG_CONFIG --exists --print-errors "sdl2 >= $min_sdl_version"
configure:14041: $? = 0
configure:14079: result: yes
configure:14332: checking for libavif >= 0.9.3
configure:14339: $PKG_CONFIG --exists --print-errors "libavif >= 0.9.3"
Package libavif was not found in the pkg-config search path.
Perhaps you should add the directory containing `libavif.pc'
to the PKG_CONFIG_PATH environment variable
No package 'libavif' found
configure:14342: $? = 1
configure:14356: $PKG_CONFIG --exists --print-errors "libavif >= 0.9.3"
Package libavif was not found in the pkg-config search path.
Perhaps you should add the directory containing `libavif.pc'
to the PKG_CONFIG_PATH environment variable
No package 'libavif' found
configure:14359: $? = 1
configure:14373: result: no
No package 'libavif' found
configure:14397: checking for libavif >= 0.9.3
configure:14417: gcc -o conftest -g -O2 -D_THREAD_SAFE -I/usr/local/include -I/usr/local/include/SDL2   conftest.c -lavif >&5
conftest.c:28:20: fatal error: 'avif/avif.h' file not found
          #include <avif/avif.h>
                   ^~~~~~~~~~~~~
1 error generated.
configure:14417: $? = 1
configure: failed program was:
| /* confdefs.h */
| #define PACKAGE_NAME "SDL2_image"
| #define PACKAGE_TARNAME "SDL2_image"
| #define PACKAGE_VERSION "2.8.4"
| #define PACKAGE_STRING "SDL2_image 2.8.4"
| #define PACKAGE_BUGREPORT "https://github.com/libsdl-org/SDL_image/issues"
| #define PACKAGE_URL ""
| #define HAVE_STDIO_H 1
| #define HAVE_STDLIB_H 1
| #define HAVE_STRING_H 1
| #define HAVE_INTTYPES_H 1
| #define HAVE_STDINT_H 1
| #define HAVE_STRINGS_H 1
| #define HAVE_SYS_STAT_H 1
| #define HAVE_SYS_TYPES_H 1
| #define HAVE_UNISTD_H 1
| #define STDC_HEADERS 1
| #define HAVE_DLFCN_H 1
| #define LT_OBJDIR ".libs/"
| #define SDL_BUILD_MAJOR_VERSION 2
| #define SDL_BUILD_MINOR_VERSION 8
| #define SDL_BUILD_MICRO_VERSION 4
| #define PACKAGE "SDL2_image"
| #define VERSION "2.8.4"
| #define USE_STBIMAGE 1
| /* end confdefs.h.  */
| 
|           #include <avif/avif.h>
| 
| int
| main (void)
| {
| 
|           #if (AVIF_VERSION < 90300)
|           #error libavif too old.
|           #endif
|           return !!avifVersion();
| 
|   ;
|   return 0;
| }
configure:14437: result: no
configure:14541: WARNING: *** Unable to find AVIF library (https://github.com/AOMediaCodec/libavif)
configure:14543: WARNING: AVIF image loading disabled
configure:14789: checking for libjxl
configure:14796: $PKG_CONFIG --exists --print-errors "libjxl"
Package libjxl was not found in the pkg-config search path.
Perhaps you should add the directory containing `libjxl.pc'
to the PKG_CONFIG_PATH environment variable
No package 'libjxl' found
configure:14799: $? = 1
configure:14813: $PKG_CONFIG --exists --print-errors "libjxl"
Package libjxl was not found in the pkg-config search path.
Perhaps you should add the directory containing `libjxl.pc'
to the PKG_CONFIG_PATH environment variable
No package 'libjxl' found
configure:14816: $? = 1
configure:14830: result: no
No package 'libjxl' found
configure:14846: checking for jxl/decode.h
configure:14846: gcc -c -g -O2 -D_THREAD_SAFE -I/usr/local/include -I/usr/local/include/SDL2  conftest.c >&5
conftest.c:56:10: fatal error: 'jxl/decode.h' file not found
#include <jxl/decode.h>
         ^~~~~~~~~~~~~~
1 error generated.
configure:14846: $? = 1
configure: failed program was:
| /* confdefs.h */
| #define PACKAGE_NAME "SDL2_image"
| #define PACKAGE_TARNAME "SDL2_image"
| #define PACKAGE_VERSION "2.8.4"
| #define PACKAGE_STRING "SDL2_image 2.8.4"
| #define PACKAGE_BUGREPORT "https://github.com/libsdl-org/SDL_image/issues"
| #define PACKAGE_URL ""
| #define HAVE_STDIO_H 1
| #define HAVE_STDLIB_H 1
| #define HAVE_STRING_H 1
| #define HAVE_INTTYPES_H 1
| #define HAVE_STDINT_H 1
| #define HAVE_STRINGS_H 1
| #define HAVE_SYS_STAT_H 1
| #define HAVE_SYS_TYPES_H 1
| #define HAVE_UNISTD_H 1
| #define STDC_HEADERS 1
| #define HAVE_DLFCN_H 1
| #define LT_OBJDIR ".libs/"
| #define SDL_BUILD_MAJOR_VERSION 2
| #define SDL_BUILD_MINOR_VERSION 8
| #define SDL_BUILD_MICRO_VERSION 4
| #define PACKAGE "SDL2_image"
| #define VERSION "2.8.4"
| #define USE_STBIMAGE 1
| #define LOAD_JPG 1
| /* end confdefs.h.  */
| #include <stddef.h>
| #ifdef HAVE_STDIO_H
| # include <stdio.h>
| #endif
| #ifdef HAVE_STDLIB_H
| # include <stdlib.h>
| #endif
| #ifdef HAVE_STRING_H
| # include <string.h>
| #endif
| #ifdef HAVE_INTTYPES_H
| # include <inttypes.h>
| #endif
| #ifdef HAVE_STDINT_H
| # include <stdint.h>
| #endif
| #ifdef HAVE_STRINGS_H
| # include <strings.h>
| #endif
| #ifdef HAVE_SYS_TYPES_H
| # include <sys/types.h>
| #endif
| #ifdef HAVE_SYS_STAT_H
| # include <sys/stat.h>
| #endif
| #ifdef HAVE_UNISTD_H
| # include <unistd.h>
| #endif
| #include <jxl/decode.h>
configure:14846: result: no
configure:14855: checking for JxlSignatureCheck in -ljxl
configure:14878: gcc -o conftest -g -O2 -D_THREAD_SAFE -I/usr/local/include -I/usr/local/include/SDL2   conftest.c -ljxl   -L/usr/local/lib -lSDL2 >&5
ld: library not found for -ljxl
clang: error: linker command failed with exit code 1 (use -v to see invocation)
configure:14878: $? = 1
configure: failed program was:
| /* confdefs.h */
| #define PACKAGE_NAME "SDL2_image"
| #define PACKAGE_TARNAME "SDL2_image"
| #define PACKAGE_VERSION "2.8.4"
| #define PACKAGE_STRING "SDL2_image 2.8.4"
| #define PACKAGE_BUGREPORT "https://github.com/libsdl-org/SDL_image/issues"
| #define PACKAGE_URL ""
| #define HAVE_STDIO_H 1
| #define HAVE_STDLIB_H 1
| #define HAVE_STRING_H 1
| #define HAVE_INTTYPES_H 1
| #define HAVE_STDINT_H 1
| #define HAVE_STRINGS_H 1
| #define HAVE_SYS_STAT_H 1
| #define HAVE_SYS_TYPES_H 1
| #define HAVE_UNISTD_H 1
| #define STDC_HEADERS 1
| #define HAVE_DLFCN_H 1
| #define LT_OBJDIR ".libs/"
| #define SDL_BUILD_MAJOR_VERSION 2
| #define SDL_BUILD_MINOR_VERSION 8
| #define SDL_BUILD_MICRO_VERSION 4
| #define PACKAGE "SDL2_image"
| #define VERSION "2.8.4"
| #define USE_STBIMAGE 1
| #define LOAD_JPG 1
| /* end confdefs.h.  */
| 
| /* Override any GCC internal prototype to avoid an error.
|    Use char because int might match the return type of a GCC
|    builtin and then its argument prototype would still apply.  */
| char JxlSignatureCheck ();
| int
| main (void)
| {
| return JxlSignatureCheck ();
|   ;
|   return 0;
| }
configure:14888: result: no
configure:15002: WARNING: *** Unable to find JXL library (https://jpegxl.info/)
configure:15004: WARNING: JXL image loading disabled
configure:15468: checking for libwebpdemux
configure:15475: $PKG_CONFIG --exists --print-errors "libwebpdemux"
configure:15478: $? = 0
configure:15492: $PKG_CONFIG --exists --print-errors "libwebpdemux"
configure:15495: $? = 0
configure:15637: result: yes
configure:15646: checking for libwebp
configure:15653: $PKG_CONFIG --exists --print-errors "libwebp"
configure:15656: $? = 0
configure:15670: $PKG_CONFIG --exists --print-errors "libwebp"
configure:15673: $? = 0
configure:15815: result: yes
configure:13629: checking for linker option --no-undefined
configure:13659: result: -Wl,-undefined,error
configure:13665: checking for GCC -Wall option
configure:13682: gcc -c -I/usr/local/Cellar/webp/1.4.0/include -I/usr/local/Cellar/webp/1.4.0/include/webp -g -O2 -D_THREAD_SAFE -I/usr/local/include -I/usr/local/include/SDL2 -Wall  conftest.c >&5
configure:13682: $? = 0
configure:13687: result: yes
configure:13694: checking for necessary GCC -Wno-multichar option
configure:13702: result: no
configure:13712: checking for GCC -fvisibility=hidden option
configure:13741: gcc -c -I/usr/local/Cellar/webp/1.4.0/include -I/usr/local/Cellar/webp/1.4.0/include/webp -g -O2 -D_THREAD_SAFE -I/usr/local/include -I/usr/local/include/SDL2 -Wall -fvisibility=hidden -Werror  conftest.c >&5
configure:13741: $? = 0
configure:13746: result: yes
configure:16351: checking that generated files are newer than configure
configure:16357: result: done
configure:16400: creating ./config.status

## ---------------------- ##
## Running config.status. ##
## ---------------------- ##

This file was extended by SDL2_image config.status 2.8.4, which was
generated by GNU Autoconf 2.71.  Invocation command line was

  CONFIG_FILES    = 
  CONFIG_HEADERS  = 
  CONFIG_LINKS    = 
  CONFIG_COMMANDS = 
  $ ./config.status 

on MacBook-Pro-wmgcat.local

config.status:1065: creating Makefile
config.status:1065: creating sdl2_image-config.cmake
config.status:1065: creating sdl2_image-config-version.cmake
config.status:1065: creating SDL2_image.spec
config.status:1065: creating SDL2_image.pc
config.status:1065: creating test/Makefile
config.status:1237: executing libtool commands
config.status:1237: executing depfiles commands
config.status:1956: cd .       && sed -e '/# am--include-marker/d' Makefile         | make -f - am--depfiles
config.status:1961: $? = 0
config.status:1956: cd test       && sed -e '/# am--include-marker/d' Makefile         | make -f - am--depfiles
config.status:1961: $? = 0

## ---------------- ##
## Cache variables. ##
## ---------------- ##

ac_cv_build=x86_64-apple-darwin21.6.0
ac_cv_c_compiler_gnu=yes
ac_cv_env_CC_set=
ac_cv_env_CC_value=
ac_cv_env_CFLAGS_set=
ac_cv_env_CFLAGS_value=
ac_cv_env_CPPFLAGS_set=
ac_cv_env_CPPFLAGS_value=
ac_cv_env_LDFLAGS_set=
ac_cv_env_LDFLAGS_value=
ac_cv_env_LIBAVIF_CFLAGS_set=
ac_cv_env_LIBAVIF_CFLAGS_value=
ac_cv_env_LIBAVIF_LIBS_set=
ac_cv_env_LIBAVIF_LIBS_value=
ac_cv_env_LIBJPEG_CFLAGS_set=
ac_cv_env_LIBJPEG_CFLAGS_value=
ac_cv_env_LIBJPEG_LIBS_set=
ac_cv_env_LIBJPEG_LIBS_value=
ac_cv_env_LIBJXL_CFLAGS_set=
ac_cv_env_LIBJXL_CFLAGS_value=
ac_cv_env_LIBJXL_LIBS_set=
ac_cv_env_LIBJXL_LIBS_value=
ac_cv_env_LIBPNG_CFLAGS_set=
ac_cv_env_LIBPNG_CFLAGS_value=
ac_cv_env_LIBPNG_LIBS_set=
ac_cv_env_LIBPNG_LIBS_value=
ac_cv_env_LIBS_set=
ac_cv_env_LIBS_value=
ac_cv_env_LIBTIFF_CFLAGS_set=
ac_cv_env_LIBTIFF_CFLAGS_value=
ac_cv_env_LIBTIFF_LIBS_set=
ac_cv_env_LIBTIFF_LIBS_value=
ac_cv_env_LIBWEBPDEMUX_CFLAGS_set=
ac_cv_env_LIBWEBPDEMUX_CFLAGS_value=
ac_cv_env_LIBWEBPDEMUX_LIBS_set=
ac_cv_env_LIBWEBPDEMUX_LIBS_value=
ac_cv_env_LIBWEBP_CFLAGS_set=
ac_cv_env_LIBWEBP_CFLAGS_value=
ac_cv_env_LIBWEBP_LIBS_set=
ac_cv_env_LIBWEBP_LIBS_value=
ac_cv_env_OBJCFLAGS_set=
ac_cv_env_OBJCFLAGS_value=
ac_cv_env_OBJC_set=
ac_cv_env_OBJC_value=
ac_cv_env_PKG_CONFIG_LIBDIR_set=
ac_cv_env_PKG_CONFIG_LIBDIR_value=
ac_cv_env_PKG_CONFIG_PATH_set=
ac_cv_env_PKG_CONFIG_PATH_value=
ac_cv_env_PKG_CONFIG_set=
ac_cv_env_PKG_CONFIG_value=
ac_cv_env_SDL_CFLAGS_set=
ac_cv_env_SDL_CFLAGS_value=
ac_cv_env_SDL_LIBS_set=
ac_cv_env_SDL_LIBS_value=
ac_cv_env_build_alias_set=
ac_cv_env_build_alias_value=
ac_cv_env_host_alias_set=
ac_cv_env_host_alias_value=
ac_cv_env_target_alias_set=
ac_cv_env_target_alias_value=
ac_cv_header_dlfcn_h=yes
ac_cv_header_inttypes_h=yes
ac_cv_header_jxl_decode_h=no
ac_cv_header_stdint_h=yes
ac_cv_header_stdio_h=yes
ac_cv_header_stdlib_h=yes
ac_cv_header_string_h=yes
ac_cv_header_strings_h=yes
ac_cv_header_sys_stat_h=yes
ac_cv_header_sys_types_h=yes
ac_cv_header_unistd_h=yes
ac_cv_host=x86_64-apple-darwin21.6.0
ac_cv_lib_jxl_JxlSignatureCheck=no
ac_cv_objc_compiler_gnu=yes
ac_cv_objext=o
ac_cv_path_EGREP='/usr/bin/grep -E'
ac_cv_path_FGREP='/usr/bin/grep -F'
ac_cv_path_GREP=/usr/bin/grep
ac_cv_path_SED=/usr/bin/sed
ac_cv_path_ac_pt_PKG_CONFIG=/usr/local/bin/pkg-config
ac_cv_path_install='/usr/bin/install -c'
ac_cv_prog_AWK=awk
ac_cv_prog_SORT=sort
ac_cv_prog_ac_ct_AR=ar
ac_cv_prog_ac_ct_CC=gcc
ac_cv_prog_ac_ct_DSYMUTIL=dsymutil
ac_cv_prog_ac_ct_LIPO=lipo
ac_cv_prog_ac_ct_NMEDIT=nmedit
ac_cv_prog_ac_ct_OBJC=gcc
ac_cv_prog_ac_ct_OBJDUMP=objdump
ac_cv_prog_ac_ct_OTOOL=otool
ac_cv_prog_ac_ct_RANLIB=ranlib
ac_cv_prog_ac_ct_STRIP=strip
ac_cv_prog_cc_c11=
ac_cv_prog_cc_g=yes
ac_cv_prog_cc_stdc=
ac_cv_prog_make_make_set=yes
ac_cv_prog_objc_g=yes
am_cv_CC_dependencies_compiler_type=gcc3
am_cv_OBJC_dependencies_compiler_type=gcc3
am_cv_make_support_nested_variables=yes
am_cv_prog_cc_c_o=yes
am_cv_prog_tar_ustar=gnutar
lt_cv_apple_cc_single_mod=yes
lt_cv_deplibs_check_method=pass_all
lt_cv_file_magic_cmd='$MAGIC_CMD'
lt_cv_file_magic_test_file=
lt_cv_ld_exported_symbols_list=yes
lt_cv_ld_reload_flag=-r
lt_cv_nm_interface='BSD nm'
lt_cv_objdir=.libs
lt_cv_path_LD=/Applications/Xcode.app/Contents/Developer/Toolchains/XcodeDefault.xctoolchain/usr/bin/ld
lt_cv_path_NM='/usr/bin/nm -B'
lt_cv_prog_compiler_c_o=yes
lt_cv_prog_compiler_pic_works=yes
lt_cv_prog_compiler_rtti_exceptions=yes
lt_cv_prog_compiler_static_works=no
lt_cv_prog_gnu_ld=no
lt_cv_sys_global_symbol_pipe='sed -n -e '\''s/^.*[	 ]\([BCDEGRST][BCDEGRST]*\)[	 ][	 ]*_\([_A-Za-z][_A-Za-z0-9]*\)$/\1 _\2 \2/p'\'''
lt_cv_sys_global_symbol_to_c_name_address='sed -n -e '\''s/^: \([^ ]*\) $/  {\"\1\", (void *) 0},/p'\'' -e '\''s/^[BCDEGRST]* \([^ ]*\) \([^ ]*\)$/  {"\2", (void *) \&\2},/p'\'''
lt_cv_sys_global_symbol_to_c_name_address_lib_prefix='sed -n -e '\''s/^: \([^ ]*\) $/  {\"\1\", (void *) 0},/p'\'' -e '\''s/^[BCDEGRST]* \([^ ]*\) \(lib[^ ]*\)$/  {"\2", (void *) \&\2},/p'\'' -e '\''s/^[BCDEGRST]* \([^ ]*\) \([^ ]*\)$/  {"lib\2", (void *) \&\2},/p'\'''
lt_cv_sys_global_symbol_to_cdecl='sed -n -e '\''s/^T .* \(.*\)$/extern int \1();/p'\'' -e '\''s/^[BCDEGRST]* .* \(.*\)$/extern char \1;/p'\'''
lt_cv_sys_max_cmd_len=786432
pkg_cv_LIBWEBPDEMUX_CFLAGS='-I/usr/local/Cellar/webp/1.4.0/include -I/usr/local/Cellar/webp/1.4.0/include/webp'
pkg_cv_LIBWEBPDEMUX_LIBS='-L/usr/local/Cellar/webp/1.4.0/lib -lwebpdemux'
pkg_cv_LIBWEBP_CFLAGS='-I/usr/local/Cellar/webp/1.4.0/include -I/usr/local/Cellar/webp/1.4.0/include/webp'
pkg_cv_LIBWEBP_LIBS='-L/usr/local/Cellar/webp/1.4.0/lib -lwebp'
pkg_cv_SDL_CFLAGS='-D_THREAD_SAFE -I/usr/local/include -I/usr/local/include/SDL2'
pkg_cv_SDL_LIBS='-L/usr/local/lib -lSDL2'

## ----------------- ##
## Output variables. ##
## ----------------- ##

ACLOCAL='${SHELL} '\''/Users/wmgcat/Desktop/homework/Checkers/SDL2_image-2.8.4/missing'\'' aclocal-1.16'
AMDEPBACKSLASH='\'
AMDEP_FALSE='#'
AMDEP_TRUE=''
AMTAR='$${TAR-tar}'
AM_BACKSLASH='\'
AM_DEFAULT_V='$(AM_DEFAULT_VERBOSITY)'
AM_DEFAULT_VERBOSITY='1'
AM_V='$(V)'
AR='ar'
AS='as'
AUTOCONF='${SHELL} '\''/Users/wmgcat/Desktop/homework/Checkers/SDL2_image-2.8.4/missing'\'' autoconf'
AUTOHEADER='${SHELL} '\''/Users/wmgcat/Desktop/homework/Checkers/SDL2_image-2.8.4/missing'\'' autoheader'
AUTOMAKE='${SHELL} '\''/Users/wmgcat/Desktop/homework/Checkers/SDL2_image-2.8.4/missing'\'' automake-1.16'
AWK='awk'
BUILD_TESTS_FALSE=''
BUILD_TESTS_TRUE='#'
CC='gcc'
CCDEPMODE='depmode=gcc3'
CFLAGS='-I/usr/local/Cellar/webp/1.4.0/include -I/usr/local/Cellar/webp/1.4.0/include/webp -g -O2 -D_THREAD_SAFE -I/usr/local/include -I/usr/local/include/SDL2 -Wall -fvisibility=hidden'
CPPFLAGS=''
CSCOPE='cscope'
CTAGS='ctags'
CYGPATH_W='echo'
DEFS='-DPACKAGE_NAME=\"SDL2_image\" -DPACKAGE_TARNAME=\"SDL2_image\" -DPACKAGE_VERSION=\"2.8.4\" -DPACKAGE_STRING=\"SDL2_image\ 2.8.4\" -DPACKAGE_BUGREPORT=\"https://github.com/libsdl-org/SDL_image/issues\" -DPACKAGE_URL=\"\" -DHAVE_STDIO_H=1 -DHAVE_STDLIB_H=1 -DHAVE_STRING_H=1 -DHAVE_INTTYPES_H=1 -DHAVE_STDINT_H=1 -DHAVE_STRINGS_H=1 -DHAVE_SYS_STAT_H=1 -DHAVE_SYS_TYPES_H=1 -DHAVE_UNISTD_H=1 -DSTDC_HEADERS=1 -DHAVE_DLFCN_H=1 -DLT_OBJDIR=\".libs/\" -DSDL_BUILD_MAJOR_VERSION=2 -DSDL_BUILD_MINOR_VERSION=8 -DSDL_BUILD_MICRO_VERSION=4 -DPACKAGE=\"SDL2_image\" -DVERSION=\"2.8.4\" -DUSE_STBIMAGE=1 -DLOAD_JPG=1 -DLOAD_PNG=1 -DLOAD_WEBP=1 -DLOAD_BMP=1 -DLOAD_GIF=1 -DLOAD_LBM=1 -DLOAD_PCX=1 -DLOAD_PNM=1 -DLOAD_SVG=1 -DLOAD_TGA=1 -DLOAD_XCF=1 -DLOAD_XPM=1 -DLOAD_XV=1 -DLOAD_QOI=1 -DLOAD_WEBP_DYNAMIC=\"libwebp.7.dylib\" -DLOAD_WEBPDEMUX_DYNAMIC=\"libwebpdemux.2.dylib\" -DSDL_IMAGE_SAVE_PNG=1 -DSDL_IMAGE_SAVE_JPG=1'
DEPDIR='.deps'
DLLTOOL='dlltool'
DSYMUTIL='dsymutil'
DUMPBIN=''
ECHO_C='\c'
ECHO_N=''
ECHO_T=''
EGREP='/usr/bin/grep -E'
ETAGS='etags'
EXEEXT=''
FGREP='/usr/bin/grep -F'
GREP='/usr/bin/grep'
IMG_LIBS='-Wl,-framework,ApplicationServices -lobjc '
INSTALL_DATA='${INSTALL} -m 644'
INSTALL_PROGRAM='${INSTALL}'
INSTALL_SCRIPT='${INSTALL}'
INSTALL_STRIP_PROGRAM='$(install_sh) -c -s'
INSTALL_TESTS_FALSE=''
INSTALL_TESTS_TRUE='#'
LD='/Applications/Xcode.app/Contents/Developer/Toolchains/XcodeDefault.xctoolchain/usr/bin/ld'
LDFLAGS=' -Wl,-undefined,error'
LIBAVIF_CFLAGS=''
LIBAVIF_LIBS=''
LIBJPEG_CFLAGS=''
LIBJPEG_LIBS=''
LIBJXL_CFLAGS=''
LIBJXL_LIBS=''
LIBOBJS=''
LIBPNG_CFLAGS=''
LIBPNG_LIBS=''
LIBS=' -L/usr/local/lib -lSDL2'
LIBTIFF_CFLAGS=''
LIBTIFF_LIBS=''
LIBTOOL='$(SHELL) $(top_builddir)/libtool'
LIBWEBPDEMUX_CFLAGS='-I/usr/local/Cellar/webp/1.4.0/include -I/usr/local/Cellar/webp/1.4.0/include/webp'
LIBWEBPDEMUX_LIBS='-L/usr/local/Cellar/webp/1.4.0/lib -lwebpdemux'
LIBWEBP_CFLAGS='-I/usr/local/Cellar/webp/1.4.0/include -I/usr/local/Cellar/webp/1.4.0/include/webp'
LIBWEBP_LIBS='-L/usr/local/Cellar/webp/1.4.0/lib -lwebp'
LIPO='lipo'
LN_S='ln -s'
LOAD_AVIF='0'
LOAD_BMP='1'
LOAD_GIF='1'
LOAD_JPG='1'
LOAD_JXL='0'
LOAD_LBM='1'
LOAD_PCX='1'
LOAD_PNG='1'
LOAD_PNM='1'
LOAD_QOI='1'
LOAD_SVG='1'
LOAD_TGA='1'
LOAD_TIF='0'
LOAD_WEBP='1'
LOAD_XCF='1'
LOAD_XPM='1'
LOAD_XV='1'
LTLIBOBJS=''
LT_AGE='800'
LT_CURRENT='800'
LT_EXTRA=''
LT_RELEASE='2.0'
LT_REVISION='4'
MAJOR_VERSION='2'
MAKEINFO='${SHELL} '\''/Users/wmgcat/Desktop/homework/Checkers/SDL2_image-2.8.4/missing'\'' makeinfo'
MICRO_VERSION='4'
MINOR_VERSION='8'
MKDIR_P='./install-sh -c -d'
NM='/usr/bin/nm -B'
NMEDIT='nmedit'
OBJC='gcc'
OBJCDEPMODE='depmode=gcc3'
OBJCFLAGS='-I/usr/local/Cellar/webp/1.4.0/include -I/usr/local/Cellar/webp/1.4.0/include/webp -g -O2 -D_THREAD_SAFE -I/usr/local/include -I/usr/local/include/SDL2 -Wall -fvisibility=hidden'
OBJDUMP='objdump'
OBJEXT='o'
OTOOL64=':'
OTOOL='otool'
PACKAGE='SDL2_image'
PACKAGE_BUGREPORT='https://github.com/libsdl-org/SDL_image/issues'
PACKAGE_NAME='SDL2_image'
PACKAGE_STRING='SDL2_image 2.8.4'
PACKAGE_TARNAME='SDL2_image'
PACKAGE_URL=''
PACKAGE_VERSION='2.8.4'
PATH_SEPARATOR=':'
PC_LIBS=''
PC_REQUIRES=''
PKG_CONFIG='/usr/local/bin/pkg-config'
PKG_CONFIG_LIBDIR=''
PKG_CONFIG_PATH=''
RANLIB='ranlib'
RC=':'
SDL2IMAGE_JPG_SAVE='1'
SDL2IMAGE_PNG_SAVE='1'
SDL2_CONFIG='/usr/local/bin/pkg-config sdl2'
SDL_CFLAGS='-D_THREAD_SAFE -I/usr/local/include -I/usr/local/include/SDL2'
SDL_LIBS='-L/usr/local/lib -lSDL2'
SDL_VERSION='2.0.9'
SED='/usr/bin/sed'
SET_MAKE=''
SHELL='/bin/sh'
SORT='sort'
STRIP='strip'
USE_IMAGEIO='1'
USE_IMAGEIO_FALSE='#'
USE_IMAGEIO_TRUE=''
USE_STBIMAGE='1'
USE_VERSION_RC_FALSE=''
USE_VERSION_RC_TRUE='#'
USE_WIC='0'
VERSION='2.8.4'
ac_ct_CC='gcc'
ac_ct_DUMPBIN=''
ac_ct_OBJC='gcc'
am__EXEEXT_FALSE=''
am__EXEEXT_TRUE='#'
am__fastdepCC_FALSE='#'
am__fastdepCC_TRUE=''
am__fastdepOBJC_FALSE='#'
am__fastdepOBJC_TRUE=''
am__include='include'
am__isrc=''
am__leading_dot='.'
am__nodep='_no'
am__quote=''
am__tar='tar --format=ustar -cf - "$$tardir"'
am__untar='tar -xf -'
bindir='${exec_prefix}/bin'
build='x86_64-apple-darwin21.6.0'
build_alias=''
build_cpu='x86_64'
build_os='darwin21.6.0'
build_vendor='apple'
cmake_prefix_relpath='../../..'
datadir='${datarootdir}'
datarootdir='${prefix}/share'
docdir='${datarootdir}/doc/${PACKAGE_TARNAME}'
dvidir='${docdir}'
exec_prefix='${prefix}'
host='x86_64-apple-darwin21.6.0'
host_alias=''
host_cpu='x86_64'
host_os='darwin21.6.0'
host_vendor='apple'
htmldir='${docdir}'
includedir='${prefix}/include'
infodir='${datarootdir}/info'
install_sh='${SHELL} /Users/wmgcat/Desktop/homework/Checkers/SDL2_image-2.8.4/install-sh'
libdir='${exec_prefix}/lib'
libexecdir='${exec_prefix}/libexec'
localedir='${datarootdir}/locale'
localstatedir='${prefix}/var'
lt_ECHO='/bin/echo'
mandir='${datarootdir}/man'
mkdir_p='$(MKDIR_P)'
oldincludedir='/usr/include'
pdfdir='${docdir}'
prefix='/usr/local'
program_transform_name='s,x,x,'
psdir='${docdir}'
runstatedir='${localstatedir}/run'
sbindir='${exec_prefix}/sbin'
sharedstatedir='${prefix}/com'
sysconfdir='${prefix}/etc'
target_alias=''

## ----------- ##
## confdefs.h. ##
## ----------- ##

/* confdefs.h */
#define PACKAGE_NAME "SDL2_image"
#define PACKAGE_TARNAME "SDL2_image"
#define PACKAGE_VERSION "2.8.4"
#define PACKAGE_STRING "SDL2_image 2.8.4"
#define PACKAGE_BUGREPORT "https://github.com/libsdl-org/SDL_image/issues"
#define PACKAGE_URL ""
#define HAVE_STDIO_H 1
#define HAVE_STDLIB_H 1
#define HAVE_STRING_H 1
#define HAVE_INTTYPES_H 1
#define HAVE_STDINT_H 1
#define HAVE_STRINGS_H 1
#define HAVE_SYS_STAT_H 1
#define HAVE_SYS_TYPES_H 1
#define HAVE_UNISTD_H 1
#define STDC_HEADERS 1
#define HAVE_DLFCN_H 1
#define LT_OBJDIR ".libs/"
#define SDL_BUILD_MAJOR_VERSION 2
#define SDL_BUILD_MINOR_VERSION 8
#define SDL_BUILD_MICRO_VERSION 4
#define PACKAGE "SDL2_image"
#define VERSION "2.8.4"
#define USE_STBIMAGE 1
#define LOAD_JPG 1
#define LOAD_PNG 1
#define LOAD_WEBP 1
#define LOAD_BMP 1
#define LOAD_GIF 1
#define LOAD_LBM 1
#define LOAD_PCX 1
#define LOAD_PNM 1
#define LOAD_SVG 1
#define LOAD_TGA 1
#define LOAD_XCF 1
#define LOAD_XPM 1
#define LOAD_XV 1
#define LOAD_QOI 1
#define LOAD_WEBP_DYNAMIC "libwebp.7.dylib"
#define LOAD_WEBPDEMUX_DYNAMIC "libwebpdemux.2.dylib"
#define SDL_IMAGE_SAVE_PNG 1
#define SDL_IMAGE_SAVE_JPG 1

configure: exit 0
